WARNING: Retrying (Retry(total=4, connect=None, read=None, redirect=None, status=None)) after connection broken by 'ReadTimeoutError("HTTPSConnectionPool(host='pypi.org', port=443): Read timed out. (read timeout=15)")': /simple/arrow/
Collecting arrow==1.3.0
  Using cached arrow-1.3.0-py3-none-any.whl.metadata (7.5 kB)
Collecting psutil==7.0.0
  Using cached psutil-7.0.0-cp37-abi3-win32.whl.metadata (23 kB)
Collecting pywin32==308
  Using cached pywin32-308-cp311-cp311-win32.whl.metadata (8.3 kB)
Collecting requests==2.32.3
  Using cached requests-2.32.3-py3-none-any.whl.metadata (4.6 kB)
Collecting winrt-Windows.UI.ViewManagement==2.3.0
  Using cached winrt_Windows.UI.ViewManagement-2.3.0-cp311-cp311-win32.whl.metadata (1.5 kB)
Collecting winrt-Windows.UI==2.3.0
  Using cached winrt_Windows.UI-2.3.0-cp311-cp311-win32.whl.metadata (899 bytes)
Collecting pygit2==1.16.0
  Using cached pygit2-1.16.0-cp311-cp311-win32.whl.metadata (3.4 kB)
Collecting cssutils==2.11.1
  Using cached cssutils-2.11.1-py3-none-any.whl.metadata (8.7 kB)
Collecting websockets==15.0.1
  Using cached websockets-15.0.1-cp311-cp311-win32.whl.metadata (7.0 kB)
Collecting watchdog==6.0.0
  Using cached watchdog-6.0.0-py3-none-win32.whl.metadata (44 kB)
Collecting PySocks==1.7.1
  Using cached PySocks-1.7.1-py3-none-any.whl.metadata (13 kB)
Collecting pyperclip==1.9.0
  Using cached pyperclip-1.9.0-py3-none-any.whl
Collecting semver==3.0.4
  Using cached semver-3.0.4-py3-none-any.whl.metadata (6.8 kB)
Collecting millennium==5.2.3
  Using cached millennium-5.2.3-py3-none-any.whl.metadata (4.1 kB)
Collecting millennium-core-utils==5.2.3
  Using cached millennium_core_utils-5.2.3-py3-none-any.whl.metadata (4.1 kB)
Collecting python-dateutil>=2.7.0 (from arrow==1.3.0)
  Using cached python_dateutil-2.9.0.post0-py2.py3-none-any.whl.metadata (8.4 kB)
Collecting types-python-dateutil>=2.8.10 (from arrow==1.3.0)
  WARNING: Retrying (Retry(total=4, connect=None, read=None, redirect=None, status=None)) after connection broken by 'NewConnectionError('<pip._vendor.urllib3.connection.HTTPSConnection object at 0x014FBB30>: Failed to establish a new connection: [Errno 11001] getaddrinfo failed')': /packages/43/0b/56961d3ba517ed0df9b3a27bfda6514f3d01b28d499d1bce9068cfe4edd1/types_python_dateutil-2.9.0.20251115-py3-none-any.whl.metadata
  Downloading types_python_dateutil-2.9.0.20251115-py3-none-any.whl.metadata (1.8 kB)
Collecting charset-normalizer<4,>=2 (from requests==2.32.3)
  Using cached charset_normalizer-3.4.4-cp311-cp311-win32.whl.metadata (38 kB)
Collecting idna<4,>=2.5 (from requests==2.32.3)
  Using cached idna-3.11-py3-none-any.whl.metadata (8.4 kB)
Collecting urllib3<3,>=1.21.1 (from requests==2.32.3)
  Using cached urllib3-2.5.0-py3-none-any.whl.metadata (6.5 kB)
Collecting certifi>=2017.4.17 (from requests==2.32.3)
  Downloading certifi-2025.11.12-py3-none-any.whl.metadata (2.5 kB)
Collecting winrt-runtime==2.3.0 (from winrt-Windows.UI.ViewManagement==2.3.0)
  Using cached winrt_runtime-2.3.0-cp311-cp311-win32.whl.metadata (733 bytes)
Collecting cffi>=1.17.0 (from pygit2==1.16.0)
  Using cached cffi-2.0.0-cp311-cp311-win32.whl.metadata (2.6 kB)
Collecting more-itertools (from cssutils==2.11.1)
  Using cached more_itertools-10.8.0-py3-none-any.whl.metadata (39 kB)
Collecting pycparser (from cffi>=1.17.0->pygit2==1.16.0)
  Using cached pycparser-2.23-py3-none-any.whl.metadata (993 bytes)
Collecting six>=1.5 (from python-dateutil>=2.7.0->arrow==1.3.0)
  Using cached six-1.17.0-py2.py3-none-any.whl.metadata (1.7 kB)
Using cached arrow-1.3.0-py3-none-any.whl (66 kB)
Using cached psutil-7.0.0-cp37-abi3-win32.whl (241 kB)
Using cached pywin32-308-cp311-cp311-win32.whl (5.9 MB)
Using cached requests-2.32.3-py3-none-any.whl (64 kB)
Using cached winrt_Windows.UI.ViewManagement-2.3.0-cp311-cp311-win32.whl (92 kB)
Using cached winrt_Windows.UI-2.3.0-cp311-cp311-win32.whl (44 kB)
Using cached pygit2-1.16.0-cp311-cp311-win32.whl (1.2 MB)
Using cached cssutils-2.11.1-py3-none-any.whl (385 kB)
Using cached websockets-15.0.1-cp311-cp311-win32.whl (176 kB)
Using cached watchdog-6.0.0-py3-none-win32.whl (79 kB)
Using cached PySocks-1.7.1-py3-none-any.whl (16 kB)
Using cached semver-3.0.4-py3-none-any.whl (17 kB)
Using cached millennium-5.2.3-py3-none-any.whl (3.3 kB)
Using cached millennium_core_utils-5.2.3-py3-none-any.whl (5.3 kB)
Using cached winrt_runtime-2.3.0-cp311-cp311-win32.whl (183 kB)
Using cached charset_normalizer-3.4.4-cp311-cp311-win32.whl (99 kB)
Using cached idna-3.11-py3-none-any.whl (71 kB)
Using cached urllib3-2.5.0-py3-none-any.whl (129 kB)
Downloading certifi-2025.11.12-py3-none-any.whl (159 kB)
Using cached cffi-2.0.0-cp311-cp311-win32.whl (172 kB)
Using cached python_dateutil-2.9.0.post0-py2.py3-none-any.whl (229 kB)
Using cached six-1.17.0-py2.py3-none-any.whl (11 kB)
Downloading types_python_dateutil-2.9.0.20251115-py3-none-any.whl (18 kB)
Using cached more_itertools-10.8.0-py3-none-any.whl (69 kB)
Using cached pycparser-2.23-py3-none-any.whl (118 kB)
Installing collected packages: pywin32, pyperclip, winrt-runtime, websockets, watchdog, urllib3, types-python-dateutil, six, semver, PySocks, pycparser, psutil, more-itertools, millennium-core-utils, millennium, idna, charset-normalizer, certifi, winrt-Windows.UI.ViewManagement, winrt-Windows.UI, requests, python-dateutil, cssutils, cffi, pygit2, arrow
Successfully installed PySocks-1.7.1 arrow-1.3.0 certifi-2025.11.12 cffi-2.0.0 charset-normalizer-3.4.4 cssutils-2.11.1 idna-3.11 millennium-5.2.3 millennium-core-utils-5.2.3 more-itertools-10.8.0 psutil-7.0.0 pycparser-2.23 pygit2-1.16.0 pyperclip-1.9.0 python-dateutil-2.9.0.post0 pywin32-308 requests-2.32.3 semver-3.0.4 six-1.17.0 types-python-dateutil-2.9.0.20251115 urllib3-2.5.0 watchdog-6.0.0 websockets-15.0.1 winrt-Windows.UI-2.3.0 winrt-Windows.UI.ViewManagement-2.3.0 winrt-runtime-2.3.0
